<?xml version="1.0" encoding="UTF-8"?>
<!-- Generated by org.testng.reporters.JUnitReportReporter -->
<testsuite hostname="DESKTOP-1J1J02B" failures="0" tests="2" name="test.Testproject" time="116.908" errors="0" timestamp="2024-02-07T12:33:04 IST" skipped="1">
  <testcase classname="test.Testproject" name="login" time="116.908"/>
  <system-out/>
  <testcase classname="test.Testproject" name="reg">
    <skipped/>
  </testcase> <!-- reg -->
  <system-out/>
</testsuite> <!-- test.Testproject -->
